ERROR - 2021-05-18 01:21:38 --> 404 Page Not Found: Faviconico/index
ERROR - 2021-05-18 02:49:41 --> 404 Page Not Found: Wp-loginphp/index
ERROR - 2021-05-18 04:14:02 --> 404 Page Not Found: Robotstxt/index
ERROR - 2021-05-18 04:14:02 --> 404 Page Not Found: Faviconico/index
ERROR - 2021-05-18 04:22:54 --> 404 Page Not Found: Robotstxt/index
ERROR - 2021-05-18 05:45:59 --> 404 Page Not Found: Faviconico/index
ERROR - 2021-05-18 08:06:27 --> 404 Page Not Found: Robotstxt/index
ERROR - 2021-05-18 14:11:40 --> Severity: error --> Exception: Call to undefined method JoinEvent::getUserNotFoundResponse() /home/outoutap/public_html/application/controllers/API/JoinEvent.php 33
ERROR - 2021-05-18 14:12:56 --> Severity: error --> Exception: Call to undefined method JoinEvent::getUserNotFoundResponse() /home/outoutap/public_html/application/controllers/API/JoinEvent.php 33
ERROR - 2021-05-18 14:14:38 --> Severity: error --> Exception: Call to undefined method JoinEvent::getUserNotFoundResponse() /home/outoutap/public_html/application/controllers/API/JoinEvent.php 33
ERROR - 2021-05-18 14:17:57 --> Severity: error --> Exception: Call to undefined method JoinEvent::getUserNotFoundResponse() /home/outoutap/public_html/application/controllers/API/JoinEvent.php 33
ERROR - 2021-05-18 14:22:22 --> Severity: error --> Exception: Call to undefined method JoinEvent::getUserNotFoundResponse() /home/outoutap/public_html/application/controllers/API/JoinEvent.php 33
ERROR - 2021-05-18 14:24:11 --> Severity: error --> Exception: Call to undefined method JoinEvent::getUserNotFoundResponse() /home/outoutap/public_html/application/controllers/API/JoinEvent.php 33
ERROR - 2021-05-18 14:27:21 --> Severity: error --> Exception: Call to undefined method JoinEvent::getInvalidTokenResponse() /home/outoutap/public_html/application/controllers/API/JoinEvent.php 33
ERROR - 2021-05-18 14:27:40 --> Severity: error --> Exception: Call to undefined method JoinEvent::getFailedResponse() /home/outoutap/public_html/application/controllers/API/JoinEvent.php 33
ERROR - 2021-05-18 14:27:55 --> Severity: error --> Exception: Call to undefined method JoinEvent::getSuccessResponse() /home/outoutap/public_html/application/controllers/API/JoinEvent.php 33
ERROR - 2021-05-18 14:31:46 --> Severity: error --> Exception: Call to undefined method JoinEvent::getUserNotFoundResponse() /home/outoutap/public_html/application/controllers/API/JoinEvent.php 33
ERROR - 2021-05-18 14:32:02 --> Severity: error --> Exception: Call to undefined method JoinEvent::getSuccessResponse() /home/outoutap/public_html/application/controllers/API/JoinEvent.php 26
ERROR - 2021-05-18 14:34:10 --> Severity: error --> Exception: Call to undefined method JoinEvent::getUserNotFoundResponse() /home/outoutap/public_html/application/controllers/API/JoinEvent.php 33
ERROR - 2021-05-18 14:38:14 --> 404 Page Not Found: Th1s_1s_a_4o4html/index
ERROR - 2021-05-18 14:42:10 --> Severity: error --> Exception: Call to undefined method JoinEvent::successResponse() /home/outoutap/public_html/application/controllers/API/JoinEvent.php 26
ERROR - 2021-05-18 15:10:27 --> 404 Page Not Found: Robotstxt/index
ERROR - 2021-05-18 15:55:28 --> 404 Page Not Found: Faviconico/index
ERROR - 2021-05-18 23:12:07 --> 404 Page Not Found: Wp-includes/wlwmanifest.xml
ERROR - 2021-05-18 23:12:07 --> 404 Page Not Found: Xmlrpcphp/index
ERROR - 2021-05-18 23:12:07 --> 404 Page Not Found: Blog/wp-includes
ERROR - 2021-05-18 23:12:08 --> 404 Page Not Found: Web/wp-includes
ERROR - 2021-05-18 23:12:08 --> 404 Page Not Found: Wordpress/wp-includes
ERROR - 2021-05-18 23:12:08 --> 404 Page Not Found: Website/wp-includes
ERROR - 2021-05-18 23:12:08 --> 404 Page Not Found: Wp/wp-includes
ERROR - 2021-05-18 23:12:08 --> 404 Page Not Found: News/wp-includes
ERROR - 2021-05-18 23:12:09 --> 404 Page Not Found: 2020/wp-includes
ERROR - 2021-05-18 23:12:09 --> 404 Page Not Found: 2019/wp-includes
ERROR - 2021-05-18 23:12:10 --> 404 Page Not Found: Shop/wp-includes
ERROR - 2021-05-18 23:12:10 --> 404 Page Not Found: Wp1/wp-includes
ERROR - 2021-05-18 23:12:10 --> 404 Page Not Found: Test/wp-includes
ERROR - 2021-05-18 23:12:11 --> 404 Page Not Found: Wp2/wp-includes
ERROR - 2021-05-18 23:12:14 --> 404 Page Not Found: Site/wp-includes
ERROR - 2021-05-18 23:12:14 --> 404 Page Not Found: Cms/wp-includes
ERROR - 2021-05-18 23:12:14 --> 404 Page Not Found: Sito/wp-includes
